<?xml version="1.0" encoding="UTF-8"?>
<!-- Generated by org.testng.reporters.JUnitXMLReporter -->
<testsuite ignored="0" hostname="DESKTOP-MBJVQGU" failures="0" tests="6" name="Surefire test" time="0.182" errors="0" timestamp="2022-05-30T18:07:51 IST">
  <testcase classname="vinay.Mevenjava.ApiumTest" name="IOSapp" time="0.01"/>
  <testcase classname="vinay.Mevenjava.ApiumTest" name="nativeAndroid" time="0.001"/>
  <testcase classname="vinay.Mevenjava.RestAPITest" name="deletetwi" time="0.0"/>
  <testcase classname="vinay.Mevenjava.RestAPITest" name="postjira" time="0.001"/>
  <testcase classname="vinay.Mevenjava.seleniumTest" name="broweserAuto" time="0.001"/>
  <testcase classname="vinay.Mevenjava.seleniumTest" name="elements" time="0.001"/>
</testsuite> <!-- Surefire test -->
