<?xml version="1.0" encoding="UTF-8"?>
<!-- Generated by org.testng.reporters.JUnitXMLReporter -->
<testsuite ignored="0" hostname="DESKTOP-MBJVQGU" failures="0" tests="4" name="Test" time="0.143" errors="0" timestamp="2022-05-30T19:00:50 IST">
  <testcase classname="vinay.Mevenjava.ApiumTest" name="IOSapp" time="0.01"/>
  <testcase classname="vinay.Mevenjava.ApiumTest" name="nativeAndroid" time="0.001"/>
  <testcase classname="vinay.Mevenjava.RestAPITest" name="deletetwi" time="0.001"/>
  <testcase classname="vinay.Mevenjava.RestAPITest" name="postjira" time="0.001"/>
</testsuite> <!-- Test -->
